<?xml version="1.0" encoding="UTF-8"?>
<!-- Generated by org.testng.reporters.JUnitXMLReporter -->
<testsuite hostname="DESKTOP-CD955F8" failures="0" tests="8" name="Test" time="360.674" errors="0" timestamp="20 Feb 2022 16:21:06 GMT">
  <testcase classname="org.testing.TestScripts.TC1" name="tc1Method" time="44.725"/>
  <testcase classname="org.testing.TestScripts.TC2" name="tc2Method" time="31.242"/>
  <testcase classname="org.testing.TestScripts.TC3" name="tc3Method" time="30.413"/>
  <testcase classname="org.testing.TestScripts.TC4" name="tc4Method" time="45.396"/>
  <testcase classname="org.testing.TestScripts.TC5" name="tc5Method" time="47.661"/>
  <testcase classname="org.testing.TestScripts.TC6" name="tc6Method" time="37.242"/>
  <testcase classname="org.testing.TestScripts.TC7" name="tc7Method" time="34.263"/>
  <testcase classname="org.testing.TestScripts.TC8" name="tc8Method" time="30.748"/>
</testsuite> <!-- Test -->
