<?xml version="1.0" encoding="UTF-8"?>
<!-- Generated by org.testng.reporters.JUnitXMLReporter -->
<testsuite hostname="DESKTOP-CD955F8" failures="0" tests="8" name="Command line test 7fa71393-829c-4130-a5bd-fe591dc663c1" time="384.582" errors="0" timestamp="25 Feb 2022 08:37:46 GMT">
  <testcase classname="org.testing.TestScripts.TC1" name="tc1Method" time="55.133"/>
  <testcase classname="org.testing.TestScripts.TC2" name="tc2Method" time="28.134"/>
  <testcase classname="org.testing.TestScripts.TC3" name="tc3Method" time="30.984"/>
  <testcase classname="org.testing.TestScripts.TC4" name="tc4Method" time="46.386"/>
  <testcase classname="org.testing.TestScripts.TC5" name="tc5Method" time="48.435"/>
  <testcase classname="org.testing.TestScripts.TC6" name="tc6Method" time="37.064"/>
  <testcase classname="org.testing.TestScripts.TC7" name="tc7Method" time="32.152"/>
  <testcase classname="org.testing.TestScripts.TC8" name="tc8Method" time="31.548"/>
</testsuite> <!-- Command line test 7fa71393-829c-4130-a5bd-fe591dc663c1 -->
